# JRE version: Java(TM) SE Runtime Environment (8.0_231-b11) (build 1.8.0_231-b11)
# Java VM: Java HotSpot(TM) 64-Bit Server VM (25.231-b11 mixed mode windows-amd64 compressed oops)
Heap:
 PSYoungGen      total 478720K, used 294581K [0x00000000d5580000, 0x0000000100000000, 0x0000000100000000)
  eden space 458240K, 64% used [0x00000000d5580000,0x00000000e752d488,0x00000000f1500000)
  from space 20480K, 0% used [0x00000000f1500000,0x00000000f1500000,0x00000000f2900000)
  to   space 25600K, 0% used [0x00000000fe700000,0x00000000fe700000,0x0000000100000000)
 ParOldGen       total 99840K, used 37864K [0x0000000080000000, 0x0000000086180000, 0x00000000d5580000)
  object space 99840K, 37% used [0x0000000080000000,0x00000000824fa210,0x0000000086180000)
 Metaspace       used 66111K, capacity 69044K, committed 69376K, reserved 1107968K
  class space    used 9292K, capacity 9868K, committed 9984K, reserved 1048576K
GC Heap History (10 events):
Event: 13.364 GC heap before
{Heap before GC invocations=8 (full 1):
 PSYoungGen      total 263168K, used 49106K [0x00000000d5580000, 0x00000000e7380000, 0x0000000100000000)
  eden space 249856K, 14% used [0x00000000d5580000,0x00000000d78788a8,0x00000000e4980000)
  from space 13312K, 99% used [0x00000000e6680000,0x00000000e737c128,0x00000000e7380000)
  to   space 16384K, 0% used [0x00000000e5380000,0x00000000e5380000,0x00000000e6380000)
 ParOldGen       total 51200K, used 7455K [0x0000000080000000, 0x0000000083200000, 0x00000000d5580000)
  object space 51200K, 14% used [0x0000000080000000,0x0000000080747c60,0x0000000083200000)
 Metaspace       used 34407K, capacity 35440K, committed 35496K, reserved 1079296K
  class space    used 4850K, capacity 5097K, committed 5120K, reserved 1048576K
Event: 13.393 GC heap after
Heap after GC invocations=8 (full 1):
 PSYoungGen      total 276480K, used 8219K [0x00000000d5580000, 0x00000000f3a00000, 0x0000000100000000)
  eden space 260096K, 0% used [0x00000000d5580000,0x00000000d5580000,0x00000000e5380000)
  from space 16384K, 50% used [0x00000000e5380000,0x00000000e5b86ca0,0x00000000e6380000)
  to   space 15360K, 0% used [0x00000000f2b00000,0x00000000f2b00000,0x00000000f3a00000)
 ParOldGen       total 51200K, used 7463K [0x0000000080000000, 0x0000000083200000, 0x00000000d5580000)
  object space 51200K, 14% used [0x0000000080000000,0x0000000080749c60,0x0000000083200000)
 Metaspace       used 34407K, capacity 35440K, committed 35496K, reserved 1079296K
  class space    used 4850K, capacity 5097K, committed 5120K, reserved 1048576K
}
Event: 13.393 GC heap before
{Heap before GC invocations=9 (full 2):
 PSYoungGen      total 276480K, used 8219K [0x00000000d5580000, 0x00000000f3a00000, 0x0000000100000000)
  eden space 260096K, 0% used [0x00000000d5580000,0x00000000d5580000,0x00000000e5380000)
  from space 16384K, 50% used [0x00000000e5380000,0x00000000e5b86ca0,0x00000000e6380000)
  to   space 15360K, 0% used [0x00000000f2b00000,0x00000000f2b00000,0x00000000f3a00000)
 ParOldGen       total 51200K, used 7463K [0x0000000080000000, 0x0000000083200000, 0x00000000d5580000)
  object space 51200K, 14% used [0x0000000080000000,0x0000000080749c60,0x0000000083200000)
 Metaspace       used 34407K, capacity 35440K, committed 35496K, reserved 1079296K
  class space    used 4850K, capacity 5097K, committed 5120K, reserved 1048576K
Event: 13.513 GC heap after
Heap after GC invocations=9 (full 2):
 PSYoungGen      total 276480K, used 0K [0x00000000d5580000, 0x00000000f3a00000, 0x0000000100000000)
  eden space 260096K, 0% used [0x00000000d5580000,0x00000000d5580000,0x00000000e5380000)
  from space 16384K, 0% used [0x00000000e5380000,0x00000000e5380000,0x00000000e6380000)
  to   space 15360K, 0% used [0x00000000f2b00000,0x00000000f2b00000,0x00000000f3a00000)
 ParOldGen       total 65536K, used 14675K [0x0000000080000000, 0x0000000084000000, 0x00000000d5580000)
  object space 65536K, 22% used [0x0000000080000000,0x0000000080e54c20,0x0000000084000000)
 Metaspace       used 34407K, capacity 35440K, committed 35496K, reserved 1079296K
  class space    used 4850K, capacity 5097K, committed 5120K, reserved 1048576K
}
Event: 23.625 GC heap before
{Heap before GC invocations=10 (full 2):
 PSYoungGen      total 276480K, used 260096K [0x00000000d5580000, 0x00000000f3a00000, 0x0000000100000000)
  eden space 260096K, 100% used [0x00000000d5580000,0x00000000e5380000,0x00000000e5380000)
  from space 16384K, 0% used [0x00000000e5380000,0x00000000e5380000,0x00000000e6380000)
  to   space 15360K, 0% used [0x00000000f2b00000,0x00000000f2b00000,0x00000000f3a00000)
 ParOldGen       total 65536K, used 14675K [0x0000000080000000, 0x0000000084000000, 0x00000000d5580000)
  object space 65536K, 22% used [0x0000000080000000,0x0000000080e54c20,0x0000000084000000)
 Metaspace       used 48123K, capacity 49908K, committed 50048K, reserved 1091584K
  class space    used 6654K, capacity 7002K, committed 7040K, reserved 1048576K
Event: 23.662 GC heap after
Heap after GC invocations=10 (full 2):
 PSYoungGen      total 473600K, used 15351K [0x00000000d5580000, 0x00000000f3d00000, 0x0000000100000000)
  eden space 458240K, 0% used [0x00000000d5580000,0x00000000d5580000,0x00000000f1500000)
  from space 15360K, 99% used [0x00000000f2b00000,0x00000000f39fdec0,0x00000000f3a00000)
  to   space 20480K, 0% used [0x00000000f1500000,0x00000000f1500000,0x00000000f2900000)
 ParOldGen       total 65536K, used 20737K [0x0000000080000000, 0x0000000084000000, 0x00000000d5580000)
  object space 65536K, 31% used [0x0000000080000000,0x0000000081440750,0x0000000084000000)
 Metaspace       used 48123K, capacity 49908K, committed 50048K, reserved 1091584K
  class space    used 6654K, capacity 7002K, committed 7040K, reserved 1048576K
}
Event: 28.345 GC heap before
{Heap before GC invocations=11 (full 2):
 PSYoungGen      total 473600K, used 161899K [0x00000000d5580000, 0x00000000f3d00000, 0x0000000100000000)
  eden space 458240K, 31% used [0x00000000d5580000,0x00000000de49ce38,0x00000000f1500000)
  from space 15360K, 99% used [0x00000000f2b00000,0x00000000f39fdec0,0x00000000f3a00000)
  to   space 20480K, 0% used [0x00000000f1500000,0x00000000f1500000,0x00000000f2900000)
 ParOldGen       total 65536K, used 20737K [0x0000000080000000, 0x0000000084000000, 0x00000000d5580000)
  object space 65536K, 31% used [0x0000000080000000,0x0000000081440750,0x0000000084000000)
 Metaspace       used 56850K, capacity 59118K, committed 59160K, reserved 1099776K
  class space    used 7953K, capacity 8406K, committed 8448K, reserved 1048576K
Event: 28.444 GC heap after
Heap after GC invocations=11 (full 2):
 PSYoungGen      total 478720K, used 20455K [0x00000000d5580000, 0x0000000100000000, 0x0000000100000000)
  eden space 458240K, 0% used [0x00000000d5580000,0x00000000d5580000,0x00000000f1500000)
  from space 20480K, 99% used [0x00000000f1500000,0x00000000f28f9ce8,0x00000000f2900000)
  to   space 25600K, 0% used [0x00000000fe700000,0x00000000fe700000,0x0000000100000000)
 ParOldGen       total 65536K, used 26298K [0x0000000080000000, 0x0000000084000000, 0x00000000d5580000)
  object space 65536K, 40% used [0x0000000080000000,0x00000000819ae858,0x0000000084000000)
 Metaspace       used 56850K, capacity 59118K, committed 59160K, reserved 1099776K
  class space    used 7953K, capacity 8406K, committed 8448K, reserved 1048576K
}
Event: 28.444 GC heap before
{Heap before GC invocations=12 (full 3):
 PSYoungGen      total 478720K, used 20455K [0x00000000d5580000, 0x0000000100000000, 0x0000000100000000)
  eden space 458240K, 0% used [0x00000000d5580000,0x00000000d5580000,0x00000000f1500000)
  from space 20480K, 99% used [0x00000000f1500000,0x00000000f28f9ce8,0x00000000f2900000)
  to   space 25600K, 0% used [0x00000000fe700000,0x00000000fe700000,0x0000000100000000)
 ParOldGen       total 65536K, used 26298K [0x0000000080000000, 0x0000000084000000, 0x00000000d5580000)
  object space 65536K, 40% used [0x0000000080000000,0x00000000819ae858,0x0000000084000000)
 Metaspace       used 56850K, capacity 59118K, committed 59160K, reserved 1099776K
  class space    used 7953K, capacity 8406K, committed 8448K, reserved 1048576K
Event: 28.987 GC heap after
Heap after GC invocations=12 (full 3):
 PSYoungGen      total 478720K, used 0K [0x00000000d5580000, 0x0000000100000000, 0x0000000100000000)
  eden space 458240K, 0% used [0x00000000d5580000,0x00000000d5580000,0x00000000f1500000)
  from space 20480K, 0% used [0x00000000f1500000,0x00000000f1500000,0x00000000f2900000)
  to   space 25600K, 0% used [0x00000000fe700000,0x00000000fe700000,0x0000000100000000)
 ParOldGen       total 99840K, used 37864K [0x0000000080000000, 0x0000000086180000, 0x00000000d5580000)
  object space 99840K, 37% used [0x0000000080000000,0x00000000824fa210,0x0000000086180000)
 Metaspace       used 56850K, capacity 59118K, committed 59160K, reserved 1099776K
  class space    used 7953K, capacity 8406K, committed 8448K, reserved 1048576K
}

